<?xml version="1.0" encoding="UTF-8"?>
<!-- Generated by org.testng.reporters.JUnitReportReporter -->
<testsuite hostname="oyehia" name="Tests.serchForProductUsingAutoCompleteTest" tests="1" failures="0" timestamp="27 Nov 2018 07:34:34 GMT" time="4.369" errors="0">
  <testcase name="userCanSearchWithAutoSuggest" time="4.369" classname="Tests.serchForProductUsingAutoCompleteTest"/>
</testsuite> <!-- Tests.serchForProductUsingAutoCompleteTest -->
