<?xml version="1.0" encoding="UTF-8"?>
<!-- Generated by org.testng.reporters.JUnitReportReporter -->
<testsuite hostname="oyehia" name="Tests.ContactUsTest" tests="1" failures="0" timestamp="27 Nov 2018 07:34:34 GMT" time="5.611" errors="0">
  <testcase name="UserCanUseContactUs" time="5.611" classname="Tests.ContactUsTest"/>
</testsuite> <!-- Tests.ContactUsTest -->
