<?xml version="1.0" encoding="UTF-8"?>
<!-- Generated by org.testng.reporters.JUnitReportReporter -->
<testsuite hostname="oyehia" name="Tests.changeCurrencyTest" tests="2" failures="0" timestamp="27 Nov 2018 07:34:34 GMT" time="19.050" errors="0">
  <testcase name="userCanSearchForProdct" time="12.329" classname="Tests.changeCurrencyTest"/>
  <testcase name="userCanChangeCurrency" time="6.721" classname="Tests.changeCurrencyTest"/>
</testsuite> <!-- Tests.changeCurrencyTest -->
