<?xml version="1.0" encoding="UTF-8"?>
<!-- Generated by org.testng.reporters.JUnitReportReporter -->
<testsuite hostname="oyehia" name="Tests.productHoverMenuTest" tests="1" failures="0" timestamp="27 Nov 2018 07:34:34 GMT" time="3.943" errors="0">
  <testcase name="userCanSlectSubCategoryFromManiMenu" time="3.943" classname="Tests.productHoverMenuTest"/>
</testsuite> <!-- Tests.productHoverMenuTest -->
