<?xml version="1.0" encoding="UTF-8"?>
<!-- Generated by org.testng.reporters.JUnitReportReporter -->
<testsuite hostname="oyehia" name="Tests.searchProductTest" tests="1" failures="0" timestamp="27 Nov 2018 07:34:34 GMT" time="5.599" errors="0">
  <testcase name="userCanSearchForProdct" time="5.599" classname="Tests.searchProductTest"/>
</testsuite> <!-- Tests.searchProductTest -->
